Assignment42/HomeScreen/build/intermediates/manifest_merge_blame_file/debug/manifest-merger-blame-debug-report.txt
1<?xml version="1.0" encoding="utf-8"?>
2<manifest xmlns:android="http://schemas.android.com/apk/res/android"
3    package="com.example.assignment42"
4    android:versionCode="1"
5    android:versionName="1.0" >
6
7    <uses-sdk
8        android:minSdkVersion="16"
8-->src\main\AndroidManifest.xml
9        android:targetSdkVersion="29" />
9-->src\main\AndroidManifest.xml
10
11    <uses-permission android:name="android.permission.ACCESS_FINE_LOCATION" />
11-->[:Location_Module] AndroidManifest.xml:11:5-79
11-->[:Location_Module] AndroidManifest.xml:11:22-76
12    <uses-permission android:name="android.permission.ACCESS_COARSE_LOCATION" />
12-->[:Location_Module] AndroidManifest.xml:12:5-81
12-->[:Location_Module] AndroidManifest.xml:12:22-78
13    <uses-permission android:name="android.permission.INTERNET" />
13-->[:Location_Module] AndroidManifest.xml:13:5-67
13-->[:Location_Module] AndroidManifest.xml:13:22-64
14
15    <application
15-->src\main\AndroidManifest.xml:7:5-27:19
16        android:allowBackup="true"
16-->src\main\AndroidManifest.xml:8:9-35
17        android:appComponentFactory="androidx.core.app.CoreComponentFactory"
17-->[androidx.core:core:1.1.0] AndroidManifest.xml:24:18-86
18        android:debuggable="true"
19        android:icon="@mipmap/ic_launcher"
19-->src\main\AndroidManifest.xml:9:9-43
20        android:label="@string/app_name"
20-->src\main\AndroidManifest.xml:10:9-41
21        android:roundIcon="@mipmap/ic_launcher_round"
21-->src\main\AndroidManifest.xml:11:9-54
22        android:supportsRtl="true"
22-->src\main\AndroidManifest.xml:12:9-35
23        android:testOnly="true"
24        android:theme="@style/AppTheme" >
24-->src\main\AndroidManifest.xml:13:9-40
25        <activity android:name="com.example.assignment42.MainActivity" >
25-->src\main\AndroidManifest.xml:14:9-20:20
25-->src\main\AndroidManifest.xml:14:19-47
26            <intent-filter>
26-->src\main\AndroidManifest.xml:15:13-19:29
27                <action android:name="android.intent.action.MAIN" />
27-->src\main\AndroidManifest.xml:16:17-69
27-->src\main\AndroidManifest.xml:16:25-66
28
29                <category android:name="android.intent.category.LAUNCHER" />
29-->src\main\AndroidManifest.xml:18:17-77
29-->src\main\AndroidManifest.xml:18:27-74
30            </intent-filter>
31        </activity>
32
33        <service android:name="com.example.location_module.GPS_Service" />
33-->src\main\AndroidManifest.xml:23:9-83
33-->src\main\AndroidManifest.xml:23:18-72
34        <service android:name="com.example.screentime.ScreenTIme" />
34-->src\main\AndroidManifest.xml:24:9-77
34-->src\main\AndroidManifest.xml:24:18-66
35        <service
35-->[androidx.room:room-runtime:2.2.1] AndroidManifest.xml:25:9-27:40
36            android:name="androidx.room.MultiInstanceInvalidationService"
36-->[androidx.room:room-runtime:2.2.1] AndroidManifest.xml:26:13-74
37            android:exported="false" />
37-->[androidx.room:room-runtime:2.2.1] AndroidManifest.xml:27:13-37
38
39        <provider
39-->[androidx.lifecycle:lifecycle-process:2.1.0] AndroidManifest.xml:23:9-27:43
40            android:name="androidx.lifecycle.ProcessLifecycleOwnerInitializer"
40-->[androidx.lifecycle:lifecycle-process:2.1.0] AndroidManifest.xml:24:13-79
41            android:authorities="com.example.assignment42.lifecycle-process"
41-->[androidx.lifecycle:lifecycle-process:2.1.0] AndroidManifest.xml:25:13-69
42            android:exported="false"
42-->[androidx.lifecycle:lifecycle-process:2.1.0] AndroidManifest.xml:26:13-37
43            android:multiprocess="true" />
43-->[androidx.lifecycle:lifecycle-process:2.1.0] AndroidManifest.xml:27:13-40
44    </application>
45
46</manifest>